0 info it worked if it ends with ok
1 verbose cli [ 'node',
1 verbose cli   '/home/burabure/.nvm/versions/node/v0.12.0/bin/npm',
1 verbose cli   'run',
1 verbose cli   'production' ]
2 info using npm@2.7.5
3 info using node@v0.12.0
4 verbose run-script [ 'preproduction', 'production', 'postproduction' ]
5 info preproduction gh-contributors@1.0.0
6 info production gh-contributors@1.0.0
7 verbose unsafe-perm in lifecycle true
8 info gh-contributors@1.0.0 Failed to exec production script
9 verbose stack Error: gh-contributors@1.0.0 production: `npm run build && npm run merge-gh-pages && git push`
9 verbose stack Exit status 128
9 verbose stack     at EventEmitter.<anonymous> (/home/burabure/.nvm/versions/node/v0.12.0/lib/node_modules/npm/lib/utils/lifecycle.js:213:16)
9 verbose stack     at EventEmitter.emit (events.js:110:17)
9 verbose stack     at ChildProcess.<anonymous> (/home/burabure/.nvm/versions/node/v0.12.0/lib/node_modules/npm/lib/utils/spawn.js:14:12)
9 verbose stack     at ChildProcess.emit (events.js:110:17)
9 verbose stack     at maybeClose (child_process.js:1008:16)
9 verbose stack     at Process.ChildProcess._handle.onexit (child_process.js:1080:5)
10 verbose pkgid gh-contributors@1.0.0
11 verbose cwd /home/burabure/stgolab/node/gh-contributors
12 error Linux 3.19.0-18-generic
13 error argv "node" "/home/burabure/.nvm/versions/node/v0.12.0/bin/npm" "run" "production"
14 error node v0.12.0
15 error npm  v2.7.5
16 error code ELIFECYCLE
17 error gh-contributors@1.0.0 production: `npm run build && npm run merge-gh-pages && git push`
17 error Exit status 128
18 error Failed at the gh-contributors@1.0.0 production script 'npm run build && npm run merge-gh-pages && git push'.
18 error This is most likely a problem with the gh-contributors package,
18 error not with npm itself.
18 error Tell the author that this fails on your system:
18 error     npm run build && npm run merge-gh-pages && git push
18 error You can get their info via:
18 error     npm owner ls gh-contributors
18 error There is likely additional logging output above.
19 verbose exit [ 1, true ]
